# JRE version: Java(TM) SE Runtime Environment (7.0_45-b18) (build 1.7.0_45-b18)
# Java VM: Java HotSpot(TM) 64-Bit Server VM (24.45-b08 mixed mode linux-amd64 compressed oops)
Heap
 PSYoungGen      total 309760K, used 170802K [0x00000000eb600000, 0x00000000fe980000, 0x0000000100000000)
  eden space 304640K, 55% used [0x00000000eb600000,0x00000000f5a0ca28,0x00000000fdf80000)
  from space 5120K, 55% used [0x00000000fe480000,0x00000000fe740000,0x00000000fe980000)
  to   space 5120K, 0% used [0x00000000fdf80000,0x00000000fdf80000,0x00000000fe480000)
 ParOldGen       total 41984K, used 25073K [0x00000000c2200000, 0x00000000c4b00000, 0x00000000eb600000)
  object space 41984K, 59% used [0x00000000c2200000,0x00000000c3a7c730,0x00000000c4b00000)
 PSPermGen       total 24064K, used 23837K [0x00000000bd000000, 0x00000000be780000, 0x00000000c2200000)
  object space 24064K, 99% used [0x00000000bd000000,0x00000000be7477e0,0x00000000be780000)
GC Heap History (10 events):
Event: 10,239 GC heap before
{Heap before GC invocations=18 (full 0):
 PSYoungGen      total 116224K, used 112096K [0x00000000eb600000, 0x00000000f5880000, 0x0000000100000000)
  eden space 110592K, 100% used [0x00000000eb600000,0x00000000f2200000,0x00000000f2200000)
  from space 5632K, 26% used [0x00000000f2200000,0x00000000f2378000,0x00000000f2780000)
  to   space 5632K, 0% used [0x00000000f5300000,0x00000000f5300000,0x00000000f5880000)
 ParOldGen       total 41984K, used 15833K [0x00000000c2200000, 0x00000000c4b00000, 0x00000000eb600000)
  object space 41984K, 37% used [0x00000000c2200000,0x00000000c31766d0,0x00000000c4b00000)
 PSPermGen       total 22528K, used 22494K [0x00000000bd000000, 0x00000000be600000, 0x00000000c2200000)
  object space 22528K, 99% used [0x00000000bd000000,0x00000000be5f7998,0x00000000be600000)
Event: 10,246 GC heap after
Heap after GC invocations=18 (full 0):
 PSYoungGen      total 159744K, used 1888K [0x00000000eb600000, 0x00000000f5780000, 0x0000000100000000)
  eden space 155136K, 0% used [0x00000000eb600000,0x00000000eb600000,0x00000000f4d80000)
  from space 4608K, 40% used [0x00000000f5300000,0x00000000f54d8000,0x00000000f5780000)
  to   space 5120K, 0% used [0x00000000f4d80000,0x00000000f4d80000,0x00000000f5280000)
 ParOldGen       total 41984K, used 17201K [0x00000000c2200000, 0x00000000c4b00000, 0x00000000eb600000)
  object space 41984K, 40% used [0x00000000c2200000,0x00000000c32cc6f0,0x00000000c4b00000)
 PSPermGen       total 22528K, used 22494K [0x00000000bd000000, 0x00000000be600000, 0x00000000c2200000)
  object space 22528K, 99% used [0x00000000bd000000,0x00000000be5f7998,0x00000000be600000)
}
Event: 10,993 GC heap before
{Heap before GC invocations=19 (full 0):
 PSYoungGen      total 159744K, used 157024K [0x00000000eb600000, 0x00000000f5780000, 0x0000000100000000)
  eden space 155136K, 100% used [0x00000000eb600000,0x00000000f4d80000,0x00000000f4d80000)
  from space 4608K, 40% used [0x00000000f5300000,0x00000000f54d8000,0x00000000f5780000)
  to   space 5120K, 0% used [0x00000000f4d80000,0x00000000f4d80000,0x00000000f5280000)
 ParOldGen       total 41984K, used 17201K [0x00000000c2200000, 0x00000000c4b00000, 0x00000000eb600000)
  object space 41984K, 40% used [0x00000000c2200000,0x00000000c32cc6f0,0x00000000c4b00000)
 PSPermGen       total 23040K, used 23022K [0x00000000bd000000, 0x00000000be680000, 0x00000000c2200000)
  object space 23040K, 99% used [0x00000000bd000000,0x00000000be67baa8,0x00000000be680000)
Event: 11,006 GC heap after
Heap after GC invocations=19 (full 0):
 PSYoungGen      total 160256K, used 2904K [0x00000000eb600000, 0x00000000f9480000, 0x0000000100000000)
  eden space 155136K, 0% used [0x00000000eb600000,0x00000000eb600000,0x00000000f4d80000)
  from space 5120K, 56% used [0x00000000f4d80000,0x00000000f5056158,0x00000000f5280000)
  to   space 5120K, 0% used [0x00000000f8f80000,0x00000000f8f80000,0x00000000f9480000)
 ParOldGen       total 41984K, used 18953K [0x00000000c2200000, 0x00000000c4b00000, 0x00000000eb600000)
  object space 41984K, 45% used [0x00000000c2200000,0x00000000c3482710,0x00000000c4b00000)
 PSPermGen       total 23040K, used 23022K [0x00000000bd000000, 0x00000000be680000, 0x00000000c2200000)
  object space 23040K, 99% used [0x00000000bd000000,0x00000000be67baa8,0x00000000be680000)
}
Event: 11,207 GC heap before
{Heap before GC invocations=20 (full 0):
 PSYoungGen      total 160256K, used 158040K [0x00000000eb600000, 0x00000000f9480000, 0x0000000100000000)
  eden space 155136K, 100% used [0x00000000eb600000,0x00000000f4d80000,0x00000000f4d80000)
  from space 5120K, 56% used [0x00000000f4d80000,0x00000000f5056158,0x00000000f5280000)
  to   space 5120K, 0% used [0x00000000f8f80000,0x00000000f8f80000,0x00000000f9480000)
 ParOldGen       total 41984K, used 18953K [0x00000000c2200000, 0x00000000c4b00000, 0x00000000eb600000)
  object space 41984K, 45% used [0x00000000c2200000,0x00000000c3482710,0x00000000c4b00000)
 PSPermGen       total 23552K, used 23099K [0x00000000bd000000, 0x00000000be700000, 0x00000000c2200000)
  object space 23552K, 98% used [0x00000000bd000000,0x00000000be68ecc8,0x00000000be700000)
Event: 11,214 GC heap after
Heap after GC invocations=20 (full 0):
 PSYoungGen      total 222720K, used 1696K [0x00000000eb600000, 0x00000000f9480000, 0x0000000100000000)
  eden space 217600K, 0% used [0x00000000eb600000,0x00000000eb600000,0x00000000f8a80000)
  from space 5120K, 33% used [0x00000000f8f80000,0x00000000f9128000,0x00000000f9480000)
  to   space 5120K, 0% used [0x00000000f8a80000,0x00000000f8a80000,0x00000000f8f80000)
 ParOldGen       total 41984K, used 21305K [0x00000000c2200000, 0x00000000c4b00000, 0x00000000eb600000)
  object space 41984K, 50% used [0x00000000c2200000,0x00000000c36ce730,0x00000000c4b00000)
 PSPermGen       total 23552K, used 23099K [0x00000000bd000000, 0x00000000be700000, 0x00000000c2200000)
  object space 23552K, 98% used [0x00000000bd000000,0x00000000be68ecc8,0x00000000be700000)
}
Event: 11,439 GC heap before
{Heap before GC invocations=21 (full 0):
 PSYoungGen      total 222720K, used 219296K [0x00000000eb600000, 0x00000000f9480000, 0x0000000100000000)
  eden space 217600K, 100% used [0x00000000eb600000,0x00000000f8a80000,0x00000000f8a80000)
  from space 5120K, 33% used [0x00000000f8f80000,0x00000000f9128000,0x00000000f9480000)
  to   space 5120K, 0% used [0x00000000f8a80000,0x00000000f8a80000,0x00000000f8f80000)
 ParOldGen       total 41984K, used 21305K [0x00000000c2200000, 0x00000000c4b00000, 0x00000000eb600000)
  object space 41984K, 50% used [0x00000000c2200000,0x00000000c36ce730,0x00000000c4b00000)
 PSPermGen       total 23552K, used 23099K [0x00000000bd000000, 0x00000000be700000, 0x00000000c2200000)
  object space 23552K, 98% used [0x00000000bd000000,0x00000000be68ecc8,0x00000000be700000)
Event: 11,447 GC heap after
Heap after GC invocations=21 (full 0):
 PSYoungGen      total 222720K, used 2208K [0x00000000eb600000, 0x00000000fe980000, 0x0000000100000000)
  eden space 217600K, 0% used [0x00000000eb600000,0x00000000eb600000,0x00000000f8a80000)
  from space 5120K, 43% used [0x00000000f8a80000,0x00000000f8ca8000,0x00000000f8f80000)
  to   space 5120K, 0% used [0x00000000fe480000,0x00000000fe480000,0x00000000fe980000)
 ParOldGen       total 41984K, used 22921K [0x00000000c2200000, 0x00000000c4b00000, 0x00000000eb600000)
  object space 41984K, 54% used [0x00000000c2200000,0x00000000c3862730,0x00000000c4b00000)
 PSPermGen       total 23552K, used 23099K [0x00000000bd000000, 0x00000000be700000, 0x00000000c2200000)
  object space 23552K, 98% used [0x00000000bd000000,0x00000000be68ecc8,0x00000000be700000)
}
Event: 11,603 GC heap before
{Heap before GC invocations=22 (full 0):
 PSYoungGen      total 222720K, used 219808K [0x00000000eb600000, 0x00000000fe980000, 0x0000000100000000)
  eden space 217600K, 100% used [0x00000000eb600000,0x00000000f8a80000,0x00000000f8a80000)
  from space 5120K, 43% used [0x00000000f8a80000,0x00000000f8ca8000,0x00000000f8f80000)
  to   space 5120K, 0% used [0x00000000fe480000,0x00000000fe480000,0x00000000fe980000)
 ParOldGen       total 41984K, used 22921K [0x00000000c2200000, 0x00000000c4b00000, 0x00000000eb600000)
  object space 41984K, 54% used [0x00000000c2200000,0x00000000c3862730,0x00000000c4b00000)
 PSPermGen       total 23552K, used 23099K [0x00000000bd000000, 0x00000000be700000, 0x00000000c2200000)
  object space 23552K, 98% used [0x00000000bd000000,0x00000000be68ecc8,0x00000000be700000)
Event: 11,623 GC heap after
Heap after GC invocations=22 (full 0):
 PSYoungGen      total 309760K, used 2816K [0x00000000eb600000, 0x00000000fe980000, 0x0000000100000000)
  eden space 304640K, 0% used [0x00000000eb600000,0x00000000eb600000,0x00000000fdf80000)
  from space 5120K, 55% used [0x00000000fe480000,0x00000000fe740000,0x00000000fe980000)
  to   space 5120K, 0% used [0x00000000fdf80000,0x00000000fdf80000,0x00000000fe480000)
 ParOldGen       total 41984K, used 25073K [0x00000000c2200000, 0x00000000c4b00000, 0x00000000eb600000)
  object space 41984K, 59% used [0x00000000c2200000,0x00000000c3a7c730,0x00000000c4b00000)
 PSPermGen       total 23552K, used 23099K [0x00000000bd000000, 0x00000000be700000, 0x00000000c2200000)
  object space 23552K, 98% used [0x00000000bd000000,0x00000000be68ecc8,0x00000000be700000)
}

