# JRE version: Java(TM) SE Runtime Environment (7.0_45-b18) (build 1.7.0_45-b18)
# Java VM: Java HotSpot(TM) 64-Bit Server VM (24.45-b08 mixed mode linux-amd64 compressed oops)
Heap
 PSYoungGen      total 270848K, used 256378K [0x00000000eb600000, 0x00000000fc300000, 0x0000000100000000)
  eden space 266240K, 95% used [0x00000000eb600000,0x00000000fae06920,0x00000000fba00000)
  from space 4608K, 52% used [0x00000000fbe80000,0x00000000fc0d8000,0x00000000fc300000)
  to   space 4608K, 0% used [0x00000000fba00000,0x00000000fba00000,0x00000000fbe80000)
 ParOldGen       total 41984K, used 23600K [0x00000000c2200000, 0x00000000c4b00000, 0x00000000eb600000)
  object space 41984K, 56% used [0x00000000c2200000,0x00000000c390c040,0x00000000c4b00000)
 PSPermGen       total 24064K, used 23849K [0x00000000bd000000, 0x00000000be780000, 0x00000000c2200000)
  object space 24064K, 99% used [0x00000000bd000000,0x00000000be74a4d8,0x00000000be780000)
GC Heap History (10 events):
Event: 9,924 GC heap before
{Heap before GC invocations=20 (full 0):
 PSYoungGen      total 102400K, used 98080K [0x00000000eb600000, 0x00000000f4480000, 0x0000000100000000)
  eden space 96768K, 100% used [0x00000000eb600000,0x00000000f1480000,0x00000000f1480000)
  from space 5632K, 23% used [0x00000000f1480000,0x00000000f15c8000,0x00000000f1a00000)
  to   space 5120K, 0% used [0x00000000f3f80000,0x00000000f3f80000,0x00000000f4480000)
 ParOldGen       total 41984K, used 16288K [0x00000000c2200000, 0x00000000c4b00000, 0x00000000eb600000)
  object space 41984K, 38% used [0x00000000c2200000,0x00000000c31e8000,0x00000000c4b00000)
 PSPermGen       total 22528K, used 22521K [0x00000000bd000000, 0x00000000be600000, 0x00000000c2200000)
  object space 22528K, 99% used [0x00000000bd000000,0x00000000be5fe778,0x00000000be600000)
Event: 9,930 GC heap after
Heap after GC invocations=20 (full 0):
 PSYoungGen      total 140800K, used 1296K [0x00000000eb600000, 0x00000000f4480000, 0x0000000100000000)
  eden space 135680K, 0% used [0x00000000eb600000,0x00000000eb600000,0x00000000f3a80000)
  from space 5120K, 25% used [0x00000000f3f80000,0x00000000f40c4010,0x00000000f4480000)
  to   space 5120K, 0% used [0x00000000f3a80000,0x00000000f3a80000,0x00000000f3f80000)
 ParOldGen       total 41984K, used 17480K [0x00000000c2200000, 0x00000000c4b00000, 0x00000000eb600000)
  object space 41984K, 41% used [0x00000000c2200000,0x00000000c3312020,0x00000000c4b00000)
 PSPermGen       total 22528K, used 22521K [0x00000000bd000000, 0x00000000be600000, 0x00000000c2200000)
  object space 22528K, 99% used [0x00000000bd000000,0x00000000be5fe778,0x00000000be600000)
}
Event: 10,522 GC heap before
{Heap before GC invocations=21 (full 0):
 PSYoungGen      total 140800K, used 136976K [0x00000000eb600000, 0x00000000f4480000, 0x0000000100000000)
  eden space 135680K, 100% used [0x00000000eb600000,0x00000000f3a80000,0x00000000f3a80000)
  from space 5120K, 25% used [0x00000000f3f80000,0x00000000f40c4010,0x00000000f4480000)
  to   space 5120K, 0% used [0x00000000f3a80000,0x00000000f3a80000,0x00000000f3f80000)
 ParOldGen       total 41984K, used 17480K [0x00000000c2200000, 0x00000000c4b00000, 0x00000000eb600000)
  object space 41984K, 41% used [0x00000000c2200000,0x00000000c3312020,0x00000000c4b00000)
 PSPermGen       total 23040K, used 22979K [0x00000000bd000000, 0x00000000be680000, 0x00000000c2200000)
  object space 23040K, 99% used [0x00000000bd000000,0x00000000be670c30,0x00000000be680000)
Event: 10,528 GC heap after
Heap after GC invocations=21 (full 0):
 PSYoungGen      total 140800K, used 2240K [0x00000000eb600000, 0x00000000f7980000, 0x0000000100000000)
  eden space 135680K, 0% used [0x00000000eb600000,0x00000000eb600000,0x00000000f3a80000)
  from space 5120K, 43% used [0x00000000f3a80000,0x00000000f3cb0000,0x00000000f3f80000)
  to   space 5120K, 0% used [0x00000000f7480000,0x00000000f7480000,0x00000000f7980000)
 ParOldGen       total 41984K, used 18664K [0x00000000c2200000, 0x00000000c4b00000, 0x00000000eb600000)
  object space 41984K, 44% used [0x00000000c2200000,0x00000000c343a040,0x00000000c4b00000)
 PSPermGen       total 23040K, used 22979K [0x00000000bd000000, 0x00000000be680000, 0x00000000c2200000)
  object space 23040K, 99% used [0x00000000bd000000,0x00000000be670c30,0x00000000be680000)
}
Event: 10,786 GC heap before
{Heap before GC invocations=22 (full 0):
 PSYoungGen      total 140800K, used 137920K [0x00000000eb600000, 0x00000000f7980000, 0x0000000100000000)
  eden space 135680K, 100% used [0x00000000eb600000,0x00000000f3a80000,0x00000000f3a80000)
  from space 5120K, 43% used [0x00000000f3a80000,0x00000000f3cb0000,0x00000000f3f80000)
  to   space 5120K, 0% used [0x00000000f7480000,0x00000000f7480000,0x00000000f7980000)
 ParOldGen       total 41984K, used 18664K [0x00000000c2200000, 0x00000000c4b00000, 0x00000000eb600000)
  object space 41984K, 44% used [0x00000000c2200000,0x00000000c343a040,0x00000000c4b00000)
 PSPermGen       total 23552K, used 23106K [0x00000000bd000000, 0x00000000be700000, 0x00000000c2200000)
  object space 23552K, 98% used [0x00000000bd000000,0x00000000be690bc8,0x00000000be700000)
Event: 10,793 GC heap after
Heap after GC invocations=22 (full 0):
 PSYoungGen      total 194048K, used 1504K [0x00000000eb600000, 0x00000000f7880000, 0x0000000100000000)
  eden space 189952K, 0% used [0x00000000eb600000,0x00000000eb600000,0x00000000f6f80000)
  from space 4096K, 36% used [0x00000000f7480000,0x00000000f75f8000,0x00000000f7880000)
  to   space 4608K, 0% used [0x00000000f6f80000,0x00000000f6f80000,0x00000000f7400000)
 ParOldGen       total 41984K, used 20376K [0x00000000c2200000, 0x00000000c4b00000, 0x00000000eb600000)
  object space 41984K, 48% used [0x00000000c2200000,0x00000000c35e6040,0x00000000c4b00000)
 PSPermGen       total 23552K, used 23106K [0x00000000bd000000, 0x00000000be700000, 0x00000000c2200000)
  object space 23552K, 98% used [0x00000000bd000000,0x00000000be690bc8,0x00000000be700000)
}
Event: 10,942 GC heap before
{Heap before GC invocations=23 (full 0):
 PSYoungGen      total 194048K, used 191456K [0x00000000eb600000, 0x00000000f7880000, 0x0000000100000000)
  eden space 189952K, 100% used [0x00000000eb600000,0x00000000f6f80000,0x00000000f6f80000)
  from space 4096K, 36% used [0x00000000f7480000,0x00000000f75f8000,0x00000000f7880000)
  to   space 4608K, 0% used [0x00000000f6f80000,0x00000000f6f80000,0x00000000f7400000)
 ParOldGen       total 41984K, used 20376K [0x00000000c2200000, 0x00000000c4b00000, 0x00000000eb600000)
  object space 41984K, 48% used [0x00000000c2200000,0x00000000c35e6040,0x00000000c4b00000)
 PSPermGen       total 23552K, used 23113K [0x00000000bd000000, 0x00000000be700000, 0x00000000c2200000)
  object space 23552K, 98% used [0x00000000bd000000,0x00000000be692768,0x00000000be700000)
Event: 10,951 GC heap after
Heap after GC invocations=23 (full 0):
 PSYoungGen      total 194560K, used 1856K [0x00000000eb600000, 0x00000000fc300000, 0x0000000100000000)
  eden space 189952K, 0% used [0x00000000eb600000,0x00000000eb600000,0x00000000f6f80000)
  from space 4608K, 40% used [0x00000000f6f80000,0x00000000f7150000,0x00000000f7400000)
  to   space 4608K, 0% used [0x00000000fbe80000,0x00000000fbe80000,0x00000000fc300000)
 ParOldGen       total 41984K, used 21816K [0x00000000c2200000, 0x00000000c4b00000, 0x00000000eb600000)
  object space 41984K, 51% used [0x00000000c2200000,0x00000000c374e040,0x00000000c4b00000)
 PSPermGen       total 23552K, used 23113K [0x00000000bd000000, 0x00000000be700000, 0x00000000c2200000)
  object space 23552K, 98% used [0x00000000bd000000,0x00000000be692768,0x00000000be700000)
}
Event: 11,087 GC heap before
{Heap before GC invocations=24 (full 0):
 PSYoungGen      total 194560K, used 191808K [0x00000000eb600000, 0x00000000fc300000, 0x0000000100000000)
  eden space 189952K, 100% used [0x00000000eb600000,0x00000000f6f80000,0x00000000f6f80000)
  from space 4608K, 40% used [0x00000000f6f80000,0x00000000f7150000,0x00000000f7400000)
  to   space 4608K, 0% used [0x00000000fbe80000,0x00000000fbe80000,0x00000000fc300000)
 ParOldGen       total 41984K, used 21816K [0x00000000c2200000, 0x00000000c4b00000, 0x00000000eb600000)
  object space 41984K, 51% used [0x00000000c2200000,0x00000000c374e040,0x00000000c4b00000)
 PSPermGen       total 23552K, used 23113K [0x00000000bd000000, 0x00000000be700000, 0x00000000c2200000)
  object space 23552K, 98% used [0x00000000bd000000,0x00000000be692768,0x00000000be700000)
Event: 11,098 GC heap after
Heap after GC invocations=24 (full 0):
 PSYoungGen      total 270848K, used 2400K [0x00000000eb600000, 0x00000000fc300000, 0x0000000100000000)
  eden space 266240K, 0% used [0x00000000eb600000,0x00000000eb600000,0x00000000fba00000)
  from space 4608K, 52% used [0x00000000fbe80000,0x00000000fc0d8000,0x00000000fc300000)
  to   space 4608K, 0% used [0x00000000fba00000,0x00000000fba00000,0x00000000fbe80000)
 ParOldGen       total 41984K, used 23600K [0x00000000c2200000, 0x00000000c4b00000, 0x00000000eb600000)
  object space 41984K, 56% used [0x00000000c2200000,0x00000000c390c040,0x00000000c4b00000)
 PSPermGen       total 23552K, used 23113K [0x00000000bd000000, 0x00000000be700000, 0x00000000c2200000)
  object space 23552K, 98% used [0x00000000bd000000,0x00000000be692768,0x00000000be700000)
}

