# JRE version: Java(TM) SE Runtime Environment (7.0_45-b18) (build 1.7.0_45-b18)
# Java VM: Java HotSpot(TM) 64-Bit Server VM (24.45-b08 mixed mode linux-amd64 compressed oops)
Heap
 PSYoungGen      total 330752K, used 69050K [0x00000000eb600000, 0x00000000ffe00000, 0x0000000100000000)
  eden space 325632K, 20% used [0x00000000eb600000,0x00000000ef67eb90,0x00000000ff400000)
  from space 5120K, 58% used [0x00000000ff900000,0x00000000ffbf0000,0x00000000ffe00000)
  to   space 5120K, 0% used [0x00000000ff400000,0x00000000ff400000,0x00000000ff900000)
 ParOldGen       total 41984K, used 25236K [0x00000000c2200000, 0x00000000c4b00000, 0x00000000eb600000)
  object space 41984K, 60% used [0x00000000c2200000,0x00000000c3aa52a0,0x00000000c4b00000)
 PSPermGen       total 24064K, used 23852K [0x00000000bd000000, 0x00000000be780000, 0x00000000c2200000)
  object space 24064K, 99% used [0x00000000bd000000,0x00000000be74b350,0x00000000be780000)
GC Heap History (10 events):
Event: 10,780 GC heap before
{Heap before GC invocations=18 (full 0):
 PSYoungGen      total 123904K, used 119904K [0x00000000eb600000, 0x00000000f6300000, 0x0000000100000000)
  eden space 118272K, 100% used [0x00000000eb600000,0x00000000f2980000,0x00000000f2980000)
  from space 5632K, 28% used [0x00000000f2980000,0x00000000f2b18000,0x00000000f2f00000)
  to   space 5632K, 0% used [0x00000000f5d80000,0x00000000f5d80000,0x00000000f6300000)
 ParOldGen       total 41984K, used 16108K [0x00000000c2200000, 0x00000000c4b00000, 0x00000000eb600000)
  object space 41984K, 38% used [0x00000000c2200000,0x00000000c31bb240,0x00000000c4b00000)
 PSPermGen       total 22528K, used 22500K [0x00000000bd000000, 0x00000000be600000, 0x00000000c2200000)
  object space 22528K, 99% used [0x00000000bd000000,0x00000000be5f9018,0x00000000be600000)
Event: 10,787 GC heap after
Heap after GC invocations=18 (full 0):
 PSYoungGen      total 171520K, used 1536K [0x00000000eb600000, 0x00000000f6300000, 0x0000000100000000)
  eden space 165888K, 0% used [0x00000000eb600000,0x00000000eb600000,0x00000000f5800000)
  from space 5632K, 27% used [0x00000000f5d80000,0x00000000f5f00000,0x00000000f6300000)
  to   space 5632K, 0% used [0x00000000f5800000,0x00000000f5800000,0x00000000f5d80000)
 ParOldGen       total 41984K, used 17572K [0x00000000c2200000, 0x00000000c4b00000, 0x00000000eb600000)
  object space 41984K, 41% used [0x00000000c2200000,0x00000000c3329260,0x00000000c4b00000)
 PSPermGen       total 22528K, used 22500K [0x00000000bd000000, 0x00000000be600000, 0x00000000c2200000)
  object space 22528K, 99% used [0x00000000bd000000,0x00000000be5f9018,0x00000000be600000)
}
Event: 11,574 GC heap before
{Heap before GC invocations=19 (full 0):
 PSYoungGen      total 171520K, used 167424K [0x00000000eb600000, 0x00000000f6300000, 0x0000000100000000)
  eden space 165888K, 100% used [0x00000000eb600000,0x00000000f5800000,0x00000000f5800000)
  from space 5632K, 27% used [0x00000000f5d80000,0x00000000f5f00000,0x00000000f6300000)
  to   space 5632K, 0% used [0x00000000f5800000,0x00000000f5800000,0x00000000f5d80000)
 ParOldGen       total 41984K, used 17572K [0x00000000c2200000, 0x00000000c4b00000, 0x00000000eb600000)
  object space 41984K, 41% used [0x00000000c2200000,0x00000000c3329260,0x00000000c4b00000)
 PSPermGen       total 23552K, used 23110K [0x00000000bd000000, 0x00000000be700000, 0x00000000c2200000)
  object space 23552K, 98% used [0x00000000bd000000,0x00000000be6919d0,0x00000000be700000)
Event: 11,583 GC heap after
Heap after GC invocations=19 (full 0):
 PSYoungGen      total 171520K, used 2584K [0x00000000eb600000, 0x00000000fa300000, 0x0000000100000000)
  eden space 165888K, 0% used [0x00000000eb600000,0x00000000eb600000,0x00000000f5800000)
  from space 5632K, 45% used [0x00000000f5800000,0x00000000f5a86178,0x00000000f5d80000)
  to   space 5120K, 0% used [0x00000000f9e00000,0x00000000f9e00000,0x00000000fa300000)
 ParOldGen       total 41984K, used 18980K [0x00000000c2200000, 0x00000000c4b00000, 0x00000000eb600000)
  object space 41984K, 45% used [0x00000000c2200000,0x00000000c3489280,0x00000000c4b00000)
 PSPermGen       total 23552K, used 23110K [0x00000000bd000000, 0x00000000be700000, 0x00000000c2200000)
  object space 23552K, 98% used [0x00000000bd000000,0x00000000be6919d0,0x00000000be700000)
}
Event: 11,756 GC heap before
{Heap before GC invocations=20 (full 0):
 PSYoungGen      total 171520K, used 168472K [0x00000000eb600000, 0x00000000fa300000, 0x0000000100000000)
  eden space 165888K, 100% used [0x00000000eb600000,0x00000000f5800000,0x00000000f5800000)
  from space 5632K, 45% used [0x00000000f5800000,0x00000000f5a86178,0x00000000f5d80000)
  to   space 5120K, 0% used [0x00000000f9e00000,0x00000000f9e00000,0x00000000fa300000)
 ParOldGen       total 41984K, used 18980K [0x00000000c2200000, 0x00000000c4b00000, 0x00000000eb600000)
  object space 41984K, 45% used [0x00000000c2200000,0x00000000c3489280,0x00000000c4b00000)
 PSPermGen       total 23552K, used 23111K [0x00000000bd000000, 0x00000000be700000, 0x00000000c2200000)
  object space 23552K, 98% used [0x00000000bd000000,0x00000000be691fb8,0x00000000be700000)
Event: 11,771 GC heap after
Heap after GC invocations=20 (full 0):
 PSYoungGen      total 237568K, used 1536K [0x00000000eb600000, 0x00000000fa300000, 0x0000000100000000)
  eden space 232448K, 0% used [0x00000000eb600000,0x00000000eb600000,0x00000000f9900000)
  from space 5120K, 30% used [0x00000000f9e00000,0x00000000f9f80000,0x00000000fa300000)
  to   space 5120K, 0% used [0x00000000f9900000,0x00000000f9900000,0x00000000f9e00000)
 ParOldGen       total 41984K, used 21156K [0x00000000c2200000, 0x00000000c4b00000, 0x00000000eb600000)
  object space 41984K, 50% used [0x00000000c2200000,0x00000000c36a92a0,0x00000000c4b00000)
 PSPermGen       total 23552K, used 23111K [0x00000000bd000000, 0x00000000be700000, 0x00000000c2200000)
  object space 23552K, 98% used [0x00000000bd000000,0x00000000be691fb8,0x00000000be700000)
}
Event: 11,961 GC heap before
{Heap before GC invocations=21 (full 0):
 PSYoungGen      total 237568K, used 233984K [0x00000000eb600000, 0x00000000fa300000, 0x0000000100000000)
  eden space 232448K, 100% used [0x00000000eb600000,0x00000000f9900000,0x00000000f9900000)
  from space 5120K, 30% used [0x00000000f9e00000,0x00000000f9f80000,0x00000000fa300000)
  to   space 5120K, 0% used [0x00000000f9900000,0x00000000f9900000,0x00000000f9e00000)
 ParOldGen       total 41984K, used 21156K [0x00000000c2200000, 0x00000000c4b00000, 0x00000000eb600000)
  object space 41984K, 50% used [0x00000000c2200000,0x00000000c36a92a0,0x00000000c4b00000)
 PSPermGen       total 23552K, used 23117K [0x00000000bd000000, 0x00000000be700000, 0x00000000c2200000)
  object space 23552K, 98% used [0x00000000bd000000,0x00000000be6935b0,0x00000000be700000)
Event: 11,971 GC heap after
Heap after GC invocations=21 (full 0):
 PSYoungGen      total 237568K, used 2720K [0x00000000eb600000, 0x00000000ffe00000, 0x0000000100000000)
  eden space 232448K, 0% used [0x00000000eb600000,0x00000000eb600000,0x00000000f9900000)
  from space 5120K, 53% used [0x00000000f9900000,0x00000000f9ba8000,0x00000000f9e00000)
  to   space 5120K, 0% used [0x00000000ff900000,0x00000000ff900000,0x00000000ffe00000)
 ParOldGen       total 41984K, used 22604K [0x00000000c2200000, 0x00000000c4b00000, 0x00000000eb600000)
  object space 41984K, 53% used [0x00000000c2200000,0x00000000c38132a0,0x00000000c4b00000)
 PSPermGen       total 23552K, used 23117K [0x00000000bd000000, 0x00000000be700000, 0x00000000c2200000)
  object space 23552K, 98% used [0x00000000bd000000,0x00000000be6935b0,0x00000000be700000)
}
Event: 12,139 GC heap before
{Heap before GC invocations=22 (full 0):
 PSYoungGen      total 237568K, used 235168K [0x00000000eb600000, 0x00000000ffe00000, 0x0000000100000000)
  eden space 232448K, 100% used [0x00000000eb600000,0x00000000f9900000,0x00000000f9900000)
  from space 5120K, 53% used [0x00000000f9900000,0x00000000f9ba8000,0x00000000f9e00000)
  to   space 5120K, 0% used [0x00000000ff900000,0x00000000ff900000,0x00000000ffe00000)
 ParOldGen       total 41984K, used 22604K [0x00000000c2200000, 0x00000000c4b00000, 0x00000000eb600000)
  object space 41984K, 53% used [0x00000000c2200000,0x00000000c38132a0,0x00000000c4b00000)
 PSPermGen       total 23552K, used 23117K [0x00000000bd000000, 0x00000000be700000, 0x00000000c2200000)
  object space 23552K, 98% used [0x00000000bd000000,0x00000000be6935b0,0x00000000be700000)
Event: 12,160 GC heap after
Heap after GC invocations=22 (full 0):
 PSYoungGen      total 330752K, used 3008K [0x00000000eb600000, 0x00000000ffe00000, 0x0000000100000000)
  eden space 325632K, 0% used [0x00000000eb600000,0x00000000eb600000,0x00000000ff400000)
  from space 5120K, 58% used [0x00000000ff900000,0x00000000ffbf0000,0x00000000ffe00000)
  to   space 5120K, 0% used [0x00000000ff400000,0x00000000ff400000,0x00000000ff900000)
 ParOldGen       total 41984K, used 25236K [0x00000000c2200000, 0x00000000c4b00000, 0x00000000eb600000)
  object space 41984K, 60% used [0x00000000c2200000,0x00000000c3aa52a0,0x00000000c4b00000)
 PSPermGen       total 23552K, used 23117K [0x00000000bd000000, 0x00000000be700000, 0x00000000c2200000)
  object space 23552K, 98% used [0x00000000bd000000,0x00000000be6935b0,0x00000000be700000)
}

