# JRE version: Java(TM) SE Runtime Environment (7.0_45-b18) (build 1.7.0_45-b18)
# Java VM: Java HotSpot(TM) 64-Bit Server VM (24.45-b08 mixed mode linux-amd64 compressed oops)
Heap
 PSYoungGen      total 270848K, used 11565K [0x00000000eb600000, 0x0000000100000000, 0x0000000100000000)
  eden space 266240K, 2% used [0x00000000eb600000,0x00000000ebdaba50,0x00000000fba00000)
  from space 4608K, 80% used [0x00000000fba00000,0x00000000fbd9fbf0,0x00000000fbe80000)
  to   space 5120K, 0% used [0x00000000ffb00000,0x00000000ffb00000,0x0000000100000000)
 ParOldGen       total 41984K, used 26005K [0x00000000c2200000, 0x00000000c4b00000, 0x00000000eb600000)
  object space 41984K, 61% used [0x00000000c2200000,0x00000000c3b65410,0x00000000c4b00000)
 PSPermGen       total 24064K, used 23905K [0x00000000bd000000, 0x00000000be780000, 0x00000000c2200000)
  object space 24064K, 99% used [0x00000000bd000000,0x00000000be758678,0x00000000be780000)
GC Heap History (10 events):
Event: 11,018 GC heap before
{Heap before GC invocations=21 (full 0):
 PSYoungGen      total 140800K, used 136960K [0x00000000eb600000, 0x00000000f4480000, 0x0000000100000000)
  eden space 135680K, 100% used [0x00000000eb600000,0x00000000f3a80000,0x00000000f3a80000)
  from space 5120K, 25% used [0x00000000f3f80000,0x00000000f40c0000,0x00000000f4480000)
  to   space 5120K, 0% used [0x00000000f3a80000,0x00000000f3a80000,0x00000000f3f80000)
 ParOldGen       total 41984K, used 17532K [0x00000000c2200000, 0x00000000c4b00000, 0x00000000eb600000)
  object space 41984K, 41% used [0x00000000c2200000,0x00000000c331f3f0,0x00000000c4b00000)
 PSPermGen       total 23552K, used 23042K [0x00000000bd000000, 0x00000000be700000, 0x00000000c2200000)
  object space 23552K, 97% used [0x00000000bd000000,0x00000000be680b10,0x00000000be700000)
Event: 11,032 GC heap after
Heap after GC invocations=21 (full 0):
 PSYoungGen      total 140800K, used 2304K [0x00000000eb600000, 0x00000000f7980000, 0x0000000100000000)
  eden space 135680K, 0% used [0x00000000eb600000,0x00000000eb600000,0x00000000f3a80000)
  from space 5120K, 45% used [0x00000000f3a80000,0x00000000f3cc0000,0x00000000f3f80000)
  to   space 5120K, 0% used [0x00000000f7480000,0x00000000f7480000,0x00000000f7980000)
 ParOldGen       total 41984K, used 18717K [0x00000000c2200000, 0x00000000c4b00000, 0x00000000eb600000)
  object space 41984K, 44% used [0x00000000c2200000,0x00000000c3447410,0x00000000c4b00000)
 PSPermGen       total 23552K, used 23042K [0x00000000bd000000, 0x00000000be700000, 0x00000000c2200000)
  object space 23552K, 97% used [0x00000000bd000000,0x00000000be680b10,0x00000000be700000)
}
Event: 11,300 GC heap before
{Heap before GC invocations=22 (full 0):
 PSYoungGen      total 140800K, used 137984K [0x00000000eb600000, 0x00000000f7980000, 0x0000000100000000)
  eden space 135680K, 100% used [0x00000000eb600000,0x00000000f3a80000,0x00000000f3a80000)
  from space 5120K, 45% used [0x00000000f3a80000,0x00000000f3cc0000,0x00000000f3f80000)
  to   space 5120K, 0% used [0x00000000f7480000,0x00000000f7480000,0x00000000f7980000)
 ParOldGen       total 41984K, used 18717K [0x00000000c2200000, 0x00000000c4b00000, 0x00000000eb600000)
  object space 41984K, 44% used [0x00000000c2200000,0x00000000c3447410,0x00000000c4b00000)
 PSPermGen       total 23552K, used 23116K [0x00000000bd000000, 0x00000000be700000, 0x00000000c2200000)
  object space 23552K, 98% used [0x00000000bd000000,0x00000000be693080,0x00000000be700000)
Event: 11,307 GC heap after
Heap after GC invocations=22 (full 0):
 PSYoungGen      total 194048K, used 1504K [0x00000000eb600000, 0x00000000f7880000, 0x0000000100000000)
  eden space 189952K, 0% used [0x00000000eb600000,0x00000000eb600000,0x00000000f6f80000)
  from space 4096K, 36% used [0x00000000f7480000,0x00000000f75f8000,0x00000000f7880000)
  to   space 4608K, 0% used [0x00000000f6f80000,0x00000000f6f80000,0x00000000f7400000)
 ParOldGen       total 41984K, used 20445K [0x00000000c2200000, 0x00000000c4b00000, 0x00000000eb600000)
  object space 41984K, 48% used [0x00000000c2200000,0x00000000c35f7410,0x00000000c4b00000)
 PSPermGen       total 23552K, used 23116K [0x00000000bd000000, 0x00000000be700000, 0x00000000c2200000)
  object space 23552K, 98% used [0x00000000bd000000,0x00000000be693080,0x00000000be700000)
}
Event: 11,463 GC heap before
{Heap before GC invocations=23 (full 0):
 PSYoungGen      total 194048K, used 191456K [0x00000000eb600000, 0x00000000f7880000, 0x0000000100000000)
  eden space 189952K, 100% used [0x00000000eb600000,0x00000000f6f80000,0x00000000f6f80000)
  from space 4096K, 36% used [0x00000000f7480000,0x00000000f75f8000,0x00000000f7880000)
  to   space 4608K, 0% used [0x00000000f6f80000,0x00000000f6f80000,0x00000000f7400000)
 ParOldGen       total 41984K, used 20445K [0x00000000c2200000, 0x00000000c4b00000, 0x00000000eb600000)
  object space 41984K, 48% used [0x00000000c2200000,0x00000000c35f7410,0x00000000c4b00000)
 PSPermGen       total 23552K, used 23116K [0x00000000bd000000, 0x00000000be700000, 0x00000000c2200000)
  object space 23552K, 98% used [0x00000000bd000000,0x00000000be693080,0x00000000be700000)
Event: 11,471 GC heap after
Heap after GC invocations=23 (full 0):
 PSYoungGen      total 194560K, used 1856K [0x00000000eb600000, 0x00000000fc300000, 0x0000000100000000)
  eden space 189952K, 0% used [0x00000000eb600000,0x00000000eb600000,0x00000000f6f80000)
  from space 4608K, 40% used [0x00000000f6f80000,0x00000000f7150000,0x00000000f7400000)
  to   space 4608K, 0% used [0x00000000fbe80000,0x00000000fbe80000,0x00000000fc300000)
 ParOldGen       total 41984K, used 21877K [0x00000000c2200000, 0x00000000c4b00000, 0x00000000eb600000)
  object space 41984K, 52% used [0x00000000c2200000,0x00000000c375d410,0x00000000c4b00000)
 PSPermGen       total 23552K, used 23116K [0x00000000bd000000, 0x00000000be700000, 0x00000000c2200000)
  object space 23552K, 98% used [0x00000000bd000000,0x00000000be693080,0x00000000be700000)
}
Event: 11,625 GC heap before
{Heap before GC invocations=24 (full 0):
 PSYoungGen      total 194560K, used 191808K [0x00000000eb600000, 0x00000000fc300000, 0x0000000100000000)
  eden space 189952K, 100% used [0x00000000eb600000,0x00000000f6f80000,0x00000000f6f80000)
  from space 4608K, 40% used [0x00000000f6f80000,0x00000000f7150000,0x00000000f7400000)
  to   space 4608K, 0% used [0x00000000fbe80000,0x00000000fbe80000,0x00000000fc300000)
 ParOldGen       total 41984K, used 21877K [0x00000000c2200000, 0x00000000c4b00000, 0x00000000eb600000)
  object space 41984K, 52% used [0x00000000c2200000,0x00000000c375d410,0x00000000c4b00000)
 PSPermGen       total 23552K, used 23116K [0x00000000bd000000, 0x00000000be700000, 0x00000000c2200000)
  object space 23552K, 98% used [0x00000000bd000000,0x00000000be693080,0x00000000be700000)
Event: 11,635 GC heap after
Heap after GC invocations=24 (full 0):
 PSYoungGen      total 270848K, used 2432K [0x00000000eb600000, 0x00000000fc300000, 0x0000000100000000)
  eden space 266240K, 0% used [0x00000000eb600000,0x00000000eb600000,0x00000000fba00000)
  from space 4608K, 52% used [0x00000000fbe80000,0x00000000fc0e0000,0x00000000fc300000)
  to   space 4608K, 0% used [0x00000000fba00000,0x00000000fba00000,0x00000000fbe80000)
 ParOldGen       total 41984K, used 23661K [0x00000000c2200000, 0x00000000c4b00000, 0x00000000eb600000)
  object space 41984K, 56% used [0x00000000c2200000,0x00000000c391b410,0x00000000c4b00000)
 PSPermGen       total 23552K, used 23116K [0x00000000bd000000, 0x00000000be700000, 0x00000000c2200000)
  object space 23552K, 98% used [0x00000000bd000000,0x00000000be693080,0x00000000be700000)
}
Event: 421,276 GC heap before
{Heap before GC invocations=25 (full 0):
 PSYoungGen      total 270848K, used 268672K [0x00000000eb600000, 0x00000000fc300000, 0x0000000100000000)
  eden space 266240K, 100% used [0x00000000eb600000,0x00000000fba00000,0x00000000fba00000)
  from space 4608K, 52% used [0x00000000fbe80000,0x00000000fc0e0000,0x00000000fc300000)
  to   space 4608K, 0% used [0x00000000fba00000,0x00000000fba00000,0x00000000fbe80000)
 ParOldGen       total 41984K, used 23661K [0x00000000c2200000, 0x00000000c4b00000, 0x00000000eb600000)
  object space 41984K, 56% used [0x00000000c2200000,0x00000000c391b410,0x00000000c4b00000)
 PSPermGen       total 24064K, used 23905K [0x00000000bd000000, 0x00000000be780000, 0x00000000c2200000)
  object space 24064K, 99% used [0x00000000bd000000,0x00000000be758678,0x00000000be780000)
Event: 421,288 GC heap after
Heap after GC invocations=25 (full 0):
 PSYoungGen      total 270848K, used 3710K [0x00000000eb600000, 0x0000000100000000, 0x0000000100000000)
  eden space 266240K, 0% used [0x00000000eb600000,0x00000000eb600000,0x00000000fba00000)
  from space 4608K, 80% used [0x00000000fba00000,0x00000000fbd9fbf0,0x00000000fbe80000)
  to   space 5120K, 0% used [0x00000000ffb00000,0x00000000ffb00000,0x0000000100000000)
 ParOldGen       total 41984K, used 26005K [0x00000000c2200000, 0x00000000c4b00000, 0x00000000eb600000)
  object space 41984K, 61% used [0x00000000c2200000,0x00000000c3b65410,0x00000000c4b00000)
 PSPermGen       total 24064K, used 23905K [0x00000000bd000000, 0x00000000be780000, 0x00000000c2200000)
  object space 24064K, 99% used [0x00000000bd000000,0x00000000be758678,0x00000000be780000)
}

